<?xml version="1.0" encoding="UTF-8"?>
<!-- Generated by org.testng.reporters.JUnitReportReporter -->
<testsuite skipped="0" hostname="DESKTOP-0M1MH5T" name="testngprograms.FileUploadTest" tests="1" failures="0" timestamp="2020-06-16T16:54:32 IST" time="34.091" errors="0">
  <testcase name="uploadFile" time="34.091" classname="testngprograms.FileUploadTest"/>
</testsuite> <!-- testngprograms.FileUploadTest -->
