<?xml version="1.0" encoding="UTF-8"?>
<!-- Generated by org.testng.reporters.JUnitReportReporter -->
<testsuite skipped="0" hostname="DESKTOP-0M1MH5T" name="testngprograms.DownloadFileUsingFirefox" tests="1" failures="0" timestamp="2020-06-16T16:39:14 IST" time="17.452" errors="0">
  <testcase name="downloadFileUsingFirefoxTest" time="17.452" classname="testngprograms.DownloadFileUsingFirefox"/>
</testsuite> <!-- testngprograms.DownloadFileUsingFirefox -->
