<?xml version="1.0" encoding="UTF-8"?>
<!-- Generated by org.testng.reporters.JUnitReportReporter -->
<testsuite skipped="0" hostname="DESKTOP-0M1MH5T" name="testngprograms.JqueryDatePickerTest" tests="1" failures="0" timestamp="2020-06-17T17:04:14 IST" time="17.449" errors="0">
  <testcase name="dateSelectionTest" time="17.449" classname="testngprograms.JqueryDatePickerTest"/>
</testsuite> <!-- testngprograms.JqueryDatePickerTest -->
