<?xml version="1.0" encoding="UTF-8"?>
<!-- Generated by org.testng.reporters.JUnitReportReporter -->
<testsuite skipped="0" hostname="DESKTOP-0M1MH5T" name="testngprograms.GoogleDatadrivenTest" tests="3" failures="0" timestamp="2020-06-09T17:01:42 IST" time="17.735" errors="0">
  <testcase name="searchTest" time="5.277" classname="testngprograms.GoogleDatadrivenTest"/>
  <testcase name="searchTest" time="6.709" classname="testngprograms.GoogleDatadrivenTest"/>
  <testcase name="searchTest" time="5.749" classname="testngprograms.GoogleDatadrivenTest"/>
</testsuite> <!-- testngprograms.GoogleDatadrivenTest -->
