<?xml version="1.0" encoding="UTF-8"?>
<!-- Generated by org.testng.reporters.JUnitReportReporter -->
<testsuite skipped="0" hostname="DESKTOP-0M1MH5T" name="testngprograms.GroupTest2" tests="3" failures="0" timestamp="2020-06-12T16:43:17 IST" time="0.013" errors="0">
  <testcase name="smokeTest2" time="0.003" classname="testngprograms.GroupTest2"/>
  <testcase name="smokeTest3" time="0.002" classname="testngprograms.GroupTest2"/>
  <testcase name="smoketest1" time="0.008" classname="testngprograms.GroupTest2"/>
</testsuite> <!-- testngprograms.GroupTest2 -->
