<?xml version="1.0" encoding="UTF-8"?>
<!-- Generated by org.testng.reporters.JUnitReportReporter -->
<testsuite skipped="0" hostname="DESKTOP-0M1MH5T" name="testngprograms.DragAndDropByTest" tests="1" failures="0" timestamp="2020-06-13T17:52:33 IST" time="14.311" errors="0">
  <testcase name="dragAndDropByTest" time="14.311" classname="testngprograms.DragAndDropByTest"/>
</testsuite> <!-- testngprograms.DragAndDropByTest -->
