<?xml version="1.0" encoding="UTF-8"?>
<!-- Generated by org.testng.reporters.JUnitReportReporter -->
<testsuite skipped="0" hostname="DESKTOP-0M1MH5T" name="testngprograms.MultipleActionsTest" tests="1" failures="0" timestamp="2020-06-15T16:19:07 IST" time="6.562" errors="0">
  <testcase name="linkedinHomeTest" time="6.562" classname="testngprograms.MultipleActionsTest"/>
</testsuite> <!-- testngprograms.MultipleActionsTest -->
