<?xml version="1.0" encoding="UTF-8"?>
<!-- Generated by org.testng.reporters.JUnitReportReporter -->
<testsuite skipped="0" hostname="DESKTOP-0M1MH5T" name="testngprograms.GroupTest" tests="3" failures="0" timestamp="2020-06-12T16:43:17 IST" time="0.061" errors="0">
  <testcase name="smoketest1" time="0.004" classname="testngprograms.GroupTest"/>
  <testcase name="smokeTest3" time="0.016" classname="testngprograms.GroupTest"/>
  <testcase name="smokeTest2" time="0.041" classname="testngprograms.GroupTest"/>
</testsuite> <!-- testngprograms.GroupTest -->
