<?xml version="1.0" encoding="UTF-8"?>
<!-- Generated by org.testng.reporters.JUnitReportReporter -->
<testsuite skipped="0" hostname="DESKTOP-0M1MH5T" name="testngprograms.DragAndDropTest" tests="1" failures="0" timestamp="2020-06-13T17:45:44 IST" time="6.862" errors="0">
  <testcase name="dragAndDrop" time="6.862" classname="testngprograms.DragAndDropTest"/>
</testsuite> <!-- testngprograms.DragAndDropTest -->
