<?xml version="1.0" encoding="UTF-8"?>
<!-- Generated by org.testng.reporters.JUnitReportReporter -->
<testsuite skipped="0" hostname="DESKTOP-0M1MH5T" name="testngprograms.GoogleSuggestionTest" tests="1" failures="0" timestamp="2020-06-13T16:58:03 IST" time="17.371" errors="0">
  <testcase name="googleSuggestionTest" time="17.371" classname="testngprograms.GoogleSuggestionTest"/>
</testsuite> <!-- testngprograms.GoogleSuggestionTest -->
