<?xml version="1.0" encoding="UTF-8"?>
<!-- Generated by org.testng.reporters.JUnitReportReporter -->
<testsuite skipped="0" hostname="DESKTOP-0M1MH5T" name="testngprograms.DownloadFileUsingChrome" tests="1" failures="0" timestamp="2020-06-16T16:23:48 IST" time="7.656" errors="0">
  <testcase name="downloadFileUsingChromeTest" time="7.656" classname="testngprograms.DownloadFileUsingChrome"/>
</testsuite> <!-- testngprograms.DownloadFileUsingChrome -->
