<?xml version="1.0" encoding="UTF-8"?>
<!-- Generated by org.testng.reporters.JUnitReportReporter -->
<testsuite skipped="0" hostname="DESKTOP-0M1MH5T" name="testngprograms.HighLightTypeWoSendKeysTest" tests="1" failures="0" timestamp="2020-06-15T17:03:07 IST" time="27.297" errors="0">
  <testcase name="highlightAndTypeWoSendKeysTest" time="27.297" classname="testngprograms.HighLightTypeWoSendKeysTest"/>
</testsuite> <!-- testngprograms.HighLightTypeWoSendKeysTest -->
