<?xml version="1.0" encoding="UTF-8"?>
<!-- Generated by org.testng.reporters.JUnitReportReporter -->
<testsuite skipped="0" hostname="DESKTOP-0M1MH5T" name="testngprograms.FileUploadWithAutoItTest" tests="1" failures="0" timestamp="2020-06-17T16:51:49 IST" time="23.646" errors="0">
  <testcase name="uploadFile" time="23.646" classname="testngprograms.FileUploadWithAutoItTest"/>
</testsuite> <!-- testngprograms.FileUploadWithAutoItTest -->
