<?xml version="1.0" encoding="UTF-8"?>
<!-- Generated by org.testng.reporters.JUnitReportReporter -->
<testsuite skipped="0" hostname="DESKTOP-0M1MH5T" name="testngprograms.OpenLinkInNewTab" tests="1" failures="0" timestamp="2020-06-15T16:27:55 IST" time="5.989" errors="0">
  <testcase name="linkedinHomeTest" time="5.989" classname="testngprograms.OpenLinkInNewTab"/>
</testsuite> <!-- testngprograms.OpenLinkInNewTab -->
