<?xml version="1.0" encoding="UTF-8"?>
<!-- Generated by org.testng.reporters.JUnitReportReporter -->
<testsuite skipped="0" hostname="DESKTOP-0M1MH5T" name="testngprograms.ZKDemoTest" tests="4" failures="0" timestamp="2020-06-13T17:10:13 IST" time="70.682" errors="0">
  <testcase name="buttonTest" time="13.108" classname="testngprograms.ZKDemoTest"/>
  <testcase name="checkboxTest" time="20.820" classname="testngprograms.ZKDemoTest"/>
  <testcase name="radioButtonTest" time="15.004" classname="testngprograms.ZKDemoTest"/>
  <testcase name="tweetPopupTest" time="21.750" classname="testngprograms.ZKDemoTest"/>
</testsuite> <!-- testngprograms.ZKDemoTest -->
