<?xml version="1.0" encoding="UTF-8"?>
<!-- Generated by org.testng.reporters.JUnitReportReporter -->
<testsuite skipped="0" hostname="DESKTOP-0M1MH5T" name="testngprograms.MenuHandlingTest" tests="1" failures="0" timestamp="2020-06-15T16:38:33 IST" time="8.937" errors="0">
  <testcase name="linkedinHomeTest" time="8.937" classname="testngprograms.MenuHandlingTest"/>
</testsuite> <!-- testngprograms.MenuHandlingTest -->
