<?xml version="1.0" encoding="UTF-8"?>
<!-- Generated by org.testng.reporters.JUnitReportReporter -->
<testsuite skipped="0" hostname="DESKTOP-0M1MH5T" name="testngprograms.CheckboxCountTest" tests="3" failures="0" timestamp="2020-06-13T16:58:03 IST" time="17.736" errors="0">
  <testcase name="checkedCheckboxCountTest" time="6.090" classname="testngprograms.CheckboxCountTest"/>
  <testcase name="unCheckedCheckboxCountTest" time="5.266" classname="testngprograms.CheckboxCountTest"/>
  <testcase name="totalCheckboxCountTest" time="6.380" classname="testngprograms.CheckboxCountTest"/>
</testsuite> <!-- testngprograms.CheckboxCountTest -->
